2022-11-22 14:52:05,641 [Worker-6: Loading available Gradle versions] INFO  o.e.b.c.i.u.g.PublishedGradleVersions - Gradle version information cache is up-to-date. Trying to read.
2022-11-22 15:12:27,457 [Worker-3: Loading available Gradle versions] INFO  o.e.b.c.i.u.g.PublishedGradleVersions - Gradle version information cache is up-to-date. Trying to read.
2022-11-22 15:26:14,974 [Worker-26: Launching mavenrun-4f2001bd-f6f2-4d42-ba34-834fe7deb00f] INFO  o.e.m.i.launch.MavenLaunchDelegate - C:\Users\Sadhvika Konte\eclipse-workspace
2022-11-22 15:26:14,985 [Worker-26: Launching mavenrun-4f2001bd-f6f2-4d42-ba34-834fe7deb00f] INFO  o.e.m.i.launch.MavenLaunchDelegate -  mvn -DarchetypeVersion=1.4 -Dpackage=com.org.maven.demo -DarchetypeGroupId=org.apache.maven.archetypes -DarchetypeArtifactId=maven-archetype-quickstart -DgroupId=com.org.maven -DartifactId=demo -DoutputDirectory="C:\Users\Sadhvika Konte\eclipse-workspace" -Dversion=0.0.1-SNAPSHOT -Dstyle.color=always -U archetype:generate
2022-11-22 15:26:33,171 [Worker-24: Creating maven-archetype-quickstart] INFO  o.e.m.c.i.p.ProjectConfigurationManager - Collecting project info '/pom.xml' C:\Users\Sadhvika Konte\eclipse-workspace\demo\pom.xml
2022-11-22 15:26:34,143 [Worker-24: Creating maven-archetype-quickstart] INFO  o.e.m.c.i.l.LifecycleMappingFactory - Using org.eclipse.m2e.jdt.JarLifecycleMapping lifecycle mapping for MavenProject: com.org.maven:demo:0.0.1-SNAPSHOT @ C:\Users\Sadhvika Konte\eclipse-workspace\demo\pom.xml.
2022-11-22 15:30:43,190 [Worker-29: Launching Executing clean in C__Users_Sadhvika Konte_eclipse-workspace_demo] INFO  o.e.m.i.launch.MavenLaunchDelegate - C:\Users\Sadhvika Konte\eclipse-workspace\demo
2022-11-22 15:30:43,191 [Worker-29: Launching Executing clean in C__Users_Sadhvika Konte_eclipse-workspace_demo] INFO  o.e.m.i.launch.MavenLaunchDelegate -  mvn -B -Dstyle.color=always clean
2022-11-22 15:31:50,576 [Worker-34: Launching Executing install in C__Users_Sadhvika Konte_eclipse-workspace_demo] INFO  o.e.m.i.launch.MavenLaunchDelegate - C:\Users\Sadhvika Konte\eclipse-workspace\demo
2022-11-22 15:31:50,576 [Worker-34: Launching Executing install in C__Users_Sadhvika Konte_eclipse-workspace_demo] INFO  o.e.m.i.launch.MavenLaunchDelegate -  mvn -B -Dstyle.color=always install
2022-11-22 15:33:43,812 [Worker-33: Building] INFO  o.e.m.c.i.embedder.EclipseLogger - Using 'UTF-8' encoding to copy filtered resources.
2022-11-22 15:33:43,812 [Worker-33: Building] INFO  o.e.m.c.i.embedder.EclipseLogger - skip non existing resourceDirectory C:\Users\Sadhvika Konte\eclipse-workspace\demo\src\main\resources
2022-11-22 15:33:43,817 [Worker-33: Building] INFO  o.e.m.c.i.embedder.EclipseLogger - Using 'UTF-8' encoding to copy filtered resources.
2022-11-22 15:33:43,817 [Worker-33: Building] INFO  o.e.m.c.i.embedder.EclipseLogger - skip non existing resourceDirectory C:\Users\Sadhvika Konte\eclipse-workspace\demo\src\test\resources
2022-11-22 15:34:31,643 [Worker-33: Launching Executing test in C__Users_Sadhvika Konte_eclipse-workspace_demo] INFO  o.e.m.i.launch.MavenLaunchDelegate - C:\Users\Sadhvika Konte\eclipse-workspace\demo
2022-11-22 15:34:31,644 [Worker-33: Launching Executing test in C__Users_Sadhvika Konte_eclipse-workspace_demo] INFO  o.e.m.i.launch.MavenLaunchDelegate -  mvn -B -Dstyle.color=always test
2022-11-22 15:34:38,478 [Worker-35: Building] INFO  o.e.m.c.i.embedder.EclipseLogger - Using 'UTF-8' encoding to copy filtered resources.
2022-11-22 15:34:38,480 [Worker-35: Building] INFO  o.e.m.c.i.embedder.EclipseLogger - skip non existing resourceDirectory C:\Users\Sadhvika Konte\eclipse-workspace\demo\src\main\resources
2022-11-22 15:34:38,487 [Worker-35: Building] INFO  o.e.m.c.i.embedder.EclipseLogger - Using 'UTF-8' encoding to copy filtered resources.
2022-11-22 15:34:38,488 [Worker-35: Building] INFO  o.e.m.c.i.embedder.EclipseLogger - skip non existing resourceDirectory C:\Users\Sadhvika Konte\eclipse-workspace\demo\src\test\resources
2022-11-22 15:35:06,856 [main] INFO  o.e.m2e.actions.ExecutePomAction - Creating new launch configuration
2022-11-22 15:35:48,982 [main] INFO  o.e.m2e.actions.ExecutePomAction - Creating new launch configuration
2022-11-22 15:37:31,527 [Worker-29: Launching demo (1)] INFO  o.e.m.i.launch.MavenLaunchDelegate - C:\Users\Sadhvika Konte\eclipse-workspace\demo
2022-11-22 15:37:31,528 [Worker-29: Launching demo (1)] INFO  o.e.m.i.launch.MavenLaunchDelegate -  mvn -B -Dstyle.color=always clean install test
2022-11-22 15:44:49,483 [main] ERROR o.e.m.j.i.l.MavenLaunchConfigurationListener - Launch configuration App references non-existing project demo.
org.eclipse.core.runtime.CoreException: Launch configuration App references non-existing project demo.
	at org.eclipse.jdt.launching.JavaRuntime.abort(JavaRuntime.java:1861) ~[na:na]
	at org.eclipse.jdt.launching.JavaRuntime.getJavaProject(JavaRuntime.java:1736) ~[na:na]
	at org.eclipse.m2e.jdt.internal.launch.MavenLaunchConfigurationListener.updateLaunchConfiguration(MavenLaunchConfigurationListener.java:64) ~[na:na]
	at org.eclipse.m2e.jdt.internal.launch.MavenLaunchConfigurationListener.launchConfigurationChanged(MavenLaunchConfigurationListener.java:50) ~[na:na]
	at org.eclipse.debug.internal.core.LaunchManager$ConfigurationNotifier.run(LaunchManager.java:225) ~[na:na]
	at org.eclipse.core.runtime.SafeRunner.run(SafeRunner.java:45) ~[org.eclipse.equinox.common_3.16.200.v20220817-1601.jar:na]
	at org.eclipse.debug.internal.core.LaunchManager$ConfigurationNotifier.notify(LaunchManager.java:209) ~[na:na]
	at org.eclipse.debug.internal.core.LaunchConfigurationWorkingCopy.setDirty(LaunchConfigurationWorkingCopy.java:524) ~[na:na]
	at org.eclipse.debug.internal.core.LaunchConfigurationWorkingCopy.setAttribute(LaunchConfigurationWorkingCopy.java:412) ~[na:na]
	at org.eclipse.jdt.debug.ui.launchConfigurations.JavaApplicationLaunchShortcut.createConfiguration(JavaApplicationLaunchShortcut.java:118) ~[na:na]
	at org.eclipse.jdt.debug.ui.launchConfigurations.JavaLaunchShortcut.launch(JavaLaunchShortcut.java:180) ~[na:na]
	at org.eclipse.jdt.debug.ui.launchConfigurations.JavaLaunchShortcut.searchAndLaunch(JavaLaunchShortcut.java:138) ~[na:na]
	at org.eclipse.jdt.debug.ui.launchConfigurations.JavaLaunchShortcut.launch(JavaLaunchShortcut.java:281) ~[na:na]
	at org.eclipse.debug.internal.ui.launchConfigurations.LaunchShortcutExtension.launch(LaunchShortcutExtension.java:430) ~[na:na]
	at org.eclipse.debug.internal.ui.actions.LaunchShortcutAction.runInternal(LaunchShortcutAction.java:88) ~[na:na]
	at org.eclipse.debug.internal.ui.actions.LaunchShortcutAction.run(LaunchShortcutAction.java:73) ~[na:na]
	at org.eclipse.debug.internal.ui.launchConfigurations.LaunchShortcutExtension$LaunchCommandHandler.execute(LaunchShortcutExtension.java:89) ~[na:na]
	at org.eclipse.ui.internal.handlers.E4HandlerProxy.execute(E4HandlerProxy.java:97) ~[na:na]
	at java.base/jdk.internal.reflect.NativeMethodAccessorImpl.invoke0(Native Method) ~[na:na]
	at java.base/jdk.internal.reflect.NativeMethodAccessorImpl.invoke(NativeMethodAccessorImpl.java:77) ~[na:na]
	at java.base/jdk.internal.reflect.DelegatingMethodAccessorImpl.invoke(DelegatingMethodAccessorImpl.java:43) ~[na:na]
	at java.base/java.lang.reflect.Method.invoke(Method.java:568) ~[na:na]
	at org.eclipse.e4.core.internal.di.MethodRequestor.execute(MethodRequestor.java:58) ~[na:na]
	at org.eclipse.e4.core.internal.di.InjectorImpl.invokeUsingClass(InjectorImpl.java:317) ~[na:na]
	at org.eclipse.e4.core.internal.di.InjectorImpl.invoke(InjectorImpl.java:251) ~[na:na]
	at org.eclipse.e4.core.contexts.ContextInjectionFactory.invoke(ContextInjectionFactory.java:173) ~[na:na]
	at org.eclipse.e4.core.commands.internal.HandlerServiceHandler.execute(HandlerServiceHandler.java:156) ~[na:na]
	at org.eclipse.core.commands.Command.executeWithChecks(Command.java:488) ~[org.eclipse.core.commands_3.10.200.v20220512-0851.jar:na]
	at org.eclipse.core.commands.ParameterizedCommand.executeWithChecks(ParameterizedCommand.java:485) ~[org.eclipse.core.commands_3.10.200.v20220512-0851.jar:na]
	at org.eclipse.e4.core.commands.internal.HandlerServiceImpl.executeHandler(HandlerServiceImpl.java:213) ~[na:na]
	at org.eclipse.e4.ui.bindings.keys.KeyBindingDispatcher.executeCommand(KeyBindingDispatcher.java:308) ~[na:na]
	at org.eclipse.e4.ui.bindings.internal.KeyAssistDialog.executeKeyBinding(KeyAssistDialog.java:372) ~[na:na]
	at org.eclipse.swt.widgets.EventTable.sendEvent(EventTable.java:89) ~[org.eclipse.swt.win32.win32.x86_64_3.121.0.v20220829-1402.jar:na]
	at org.eclipse.swt.widgets.Display.sendEvent(Display.java:4251) ~[org.eclipse.swt.win32.win32.x86_64_3.121.0.v20220829-1402.jar:na]
	at org.eclipse.swt.widgets.Widget.sendEvent(Widget.java:1066) ~[org.eclipse.swt.win32.win32.x86_64_3.121.0.v20220829-1402.jar:na]
	at org.eclipse.swt.widgets.Display.runDeferredEvents(Display.java:4068) ~[org.eclipse.swt.win32.win32.x86_64_3.121.0.v20220829-1402.jar:na]
	at org.eclipse.swt.widgets.Display.readAndDispatch(Display.java:3645) ~[org.eclipse.swt.win32.win32.x86_64_3.121.0.v20220829-1402.jar:na]
	at org.eclipse.e4.ui.internal.workbench.swt.PartRenderingEngine$5.run(PartRenderingEngine.java:1155) ~[na:na]
	at org.eclipse.core.databinding.observable.Realm.runWithDefault(Realm.java:338) ~[na:na]
	at org.eclipse.e4.ui.internal.workbench.swt.PartRenderingEngine.run(PartRenderingEngine.java:1046) ~[na:na]
	at org.eclipse.e4.ui.internal.workbench.E4Workbench.createAndRunUI(E4Workbench.java:155) ~[na:na]
	at org.eclipse.ui.internal.Workbench.lambda$3(Workbench.java:643) ~[na:na]
	at org.eclipse.core.databinding.observable.Realm.runWithDefault(Realm.java:338) ~[na:na]
	at org.eclipse.ui.internal.Workbench.createAndRunWorkbench(Workbench.java:550) ~[na:na]
	at org.eclipse.ui.PlatformUI.createAndRunWorkbench(PlatformUI.java:171) ~[na:na]
	at org.eclipse.ui.internal.ide.application.IDEApplication.start(IDEApplication.java:152) ~[na:na]
	at org.eclipse.equinox.internal.app.EclipseAppHandle.run(EclipseAppHandle.java:203) ~[org.eclipse.equinox.app_1.6.200.v20220720-2012.jar:na]
	at org.eclipse.core.runtime.internal.adaptor.EclipseAppLauncher.runApplication(EclipseAppLauncher.java:136) ~[org.eclipse.osgi_3.18.100.v20220817-1601.jar:na]
	at org.eclipse.core.runtime.internal.adaptor.EclipseAppLauncher.start(EclipseAppLauncher.java:104) ~[org.eclipse.osgi_3.18.100.v20220817-1601.jar:na]
	at org.eclipse.core.runtime.adaptor.EclipseStarter.run(EclipseStarter.java:402) ~[org.eclipse.osgi_3.18.100.v20220817-1601.jar:na]
	at org.eclipse.core.runtime.adaptor.EclipseStarter.run(EclipseStarter.java:255) ~[org.eclipse.osgi_3.18.100.v20220817-1601.jar:na]
	at java.base/jdk.internal.reflect.NativeMethodAccessorImpl.invoke0(Native Method) ~[na:na]
	at java.base/jdk.internal.reflect.NativeMethodAccessorImpl.invoke(NativeMethodAccessorImpl.java:77) ~[na:na]
	at java.base/jdk.internal.reflect.DelegatingMethodAccessorImpl.invoke(DelegatingMethodAccessorImpl.java:43) ~[na:na]
	at java.base/java.lang.reflect.Method.invoke(Method.java:568) ~[na:na]
	at org.eclipse.equinox.launcher.Main.invokeFramework(Main.java:659) ~[org.eclipse.equinox.launcher_1.6.400.v20210924-0641.jar:na]
	at org.eclipse.equinox.launcher.Main.basicRun(Main.java:596) ~[org.eclipse.equinox.launcher_1.6.400.v20210924-0641.jar:na]
	at org.eclipse.equinox.launcher.Main.run(Main.java:1467) ~[org.eclipse.equinox.launcher_1.6.400.v20210924-0641.jar:na]
2022-11-22 15:44:49,491 [main] ERROR o.e.m.j.i.l.MavenLaunchConfigurationListener - Launch configuration App references non-existing project demo.
org.eclipse.core.runtime.CoreException: Launch configuration App references non-existing project demo.
	at org.eclipse.jdt.launching.JavaRuntime.abort(JavaRuntime.java:1861) ~[na:na]
	at org.eclipse.jdt.launching.JavaRuntime.getJavaProject(JavaRuntime.java:1736) ~[na:na]
	at org.eclipse.m2e.jdt.internal.launch.MavenLaunchConfigurationListener.updateLaunchConfiguration(MavenLaunchConfigurationListener.java:64) ~[na:na]
	at org.eclipse.m2e.jdt.internal.launch.MavenLaunchConfigurationListener.launchConfigurationChanged(MavenLaunchConfigurationListener.java:50) ~[na:na]
	at org.eclipse.debug.internal.core.LaunchManager$ConfigurationNotifier.run(LaunchManager.java:225) ~[na:na]
	at org.eclipse.core.runtime.SafeRunner.run(SafeRunner.java:45) ~[org.eclipse.equinox.common_3.16.200.v20220817-1601.jar:na]
	at org.eclipse.debug.internal.core.LaunchManager$ConfigurationNotifier.notify(LaunchManager.java:209) ~[na:na]
	at org.eclipse.debug.internal.core.LaunchConfigurationWorkingCopy.setDirty(LaunchConfigurationWorkingCopy.java:524) ~[na:na]
	at org.eclipse.debug.internal.core.LaunchConfigurationWorkingCopy.setAttribute(LaunchConfigurationWorkingCopy.java:412) ~[na:na]
	at org.eclipse.jdt.debug.ui.launchConfigurations.JavaApplicationLaunchShortcut.createConfiguration(JavaApplicationLaunchShortcut.java:119) ~[na:na]
	at org.eclipse.jdt.debug.ui.launchConfigurations.JavaLaunchShortcut.launch(JavaLaunchShortcut.java:180) ~[na:na]
	at org.eclipse.jdt.debug.ui.launchConfigurations.JavaLaunchShortcut.searchAndLaunch(JavaLaunchShortcut.java:138) ~[na:na]
	at org.eclipse.jdt.debug.ui.launchConfigurations.JavaLaunchShortcut.launch(JavaLaunchShortcut.java:281) ~[na:na]
	at org.eclipse.debug.internal.ui.launchConfigurations.LaunchShortcutExtension.launch(LaunchShortcutExtension.java:430) ~[na:na]
	at org.eclipse.debug.internal.ui.actions.LaunchShortcutAction.runInternal(LaunchShortcutAction.java:88) ~[na:na]
	at org.eclipse.debug.internal.ui.actions.LaunchShortcutAction.run(LaunchShortcutAction.java:73) ~[na:na]
	at org.eclipse.debug.internal.ui.launchConfigurations.LaunchShortcutExtension$LaunchCommandHandler.execute(LaunchShortcutExtension.java:89) ~[na:na]
	at org.eclipse.ui.internal.handlers.E4HandlerProxy.execute(E4HandlerProxy.java:97) ~[na:na]
	at java.base/jdk.internal.reflect.NativeMethodAccessorImpl.invoke0(Native Method) ~[na:na]
	at java.base/jdk.internal.reflect.NativeMethodAccessorImpl.invoke(NativeMethodAccessorImpl.java:77) ~[na:na]
	at java.base/jdk.internal.reflect.DelegatingMethodAccessorImpl.invoke(DelegatingMethodAccessorImpl.java:43) ~[na:na]
	at java.base/java.lang.reflect.Method.invoke(Method.java:568) ~[na:na]
	at org.eclipse.e4.core.internal.di.MethodRequestor.execute(MethodRequestor.java:58) ~[na:na]
	at org.eclipse.e4.core.internal.di.InjectorImpl.invokeUsingClass(InjectorImpl.java:317) ~[na:na]
	at org.eclipse.e4.core.internal.di.InjectorImpl.invoke(InjectorImpl.java:251) ~[na:na]
	at org.eclipse.e4.core.contexts.ContextInjectionFactory.invoke(ContextInjectionFactory.java:173) ~[na:na]
	at org.eclipse.e4.core.commands.internal.HandlerServiceHandler.execute(HandlerServiceHandler.java:156) ~[na:na]
	at org.eclipse.core.commands.Command.executeWithChecks(Command.java:488) ~[org.eclipse.core.commands_3.10.200.v20220512-0851.jar:na]
	at org.eclipse.core.commands.ParameterizedCommand.executeWithChecks(ParameterizedCommand.java:485) ~[org.eclipse.core.commands_3.10.200.v20220512-0851.jar:na]
	at org.eclipse.e4.core.commands.internal.HandlerServiceImpl.executeHandler(HandlerServiceImpl.java:213) ~[na:na]
	at org.eclipse.e4.ui.bindings.keys.KeyBindingDispatcher.executeCommand(KeyBindingDispatcher.java:308) ~[na:na]
	at org.eclipse.e4.ui.bindings.internal.KeyAssistDialog.executeKeyBinding(KeyAssistDialog.java:372) ~[na:na]
	at org.eclipse.swt.widgets.EventTable.sendEvent(EventTable.java:89) ~[org.eclipse.swt.win32.win32.x86_64_3.121.0.v20220829-1402.jar:na]
	at org.eclipse.swt.widgets.Display.sendEvent(Display.java:4251) ~[org.eclipse.swt.win32.win32.x86_64_3.121.0.v20220829-1402.jar:na]
	at org.eclipse.swt.widgets.Widget.sendEvent(Widget.java:1066) ~[org.eclipse.swt.win32.win32.x86_64_3.121.0.v20220829-1402.jar:na]
	at org.eclipse.swt.widgets.Display.runDeferredEvents(Display.java:4068) ~[org.eclipse.swt.win32.win32.x86_64_3.121.0.v20220829-1402.jar:na]
	at org.eclipse.swt.widgets.Display.readAndDispatch(Display.java:3645) ~[org.eclipse.swt.win32.win32.x86_64_3.121.0.v20220829-1402.jar:na]
	at org.eclipse.e4.ui.internal.workbench.swt.PartRenderingEngine$5.run(PartRenderingEngine.java:1155) ~[na:na]
	at org.eclipse.core.databinding.observable.Realm.runWithDefault(Realm.java:338) ~[na:na]
	at org.eclipse.e4.ui.internal.workbench.swt.PartRenderingEngine.run(PartRenderingEngine.java:1046) ~[na:na]
	at org.eclipse.e4.ui.internal.workbench.E4Workbench.createAndRunUI(E4Workbench.java:155) ~[na:na]
	at org.eclipse.ui.internal.Workbench.lambda$3(Workbench.java:643) ~[na:na]
	at org.eclipse.core.databinding.observable.Realm.runWithDefault(Realm.java:338) ~[na:na]
	at org.eclipse.ui.internal.Workbench.createAndRunWorkbench(Workbench.java:550) ~[na:na]
	at org.eclipse.ui.PlatformUI.createAndRunWorkbench(PlatformUI.java:171) ~[na:na]
	at org.eclipse.ui.internal.ide.application.IDEApplication.start(IDEApplication.java:152) ~[na:na]
	at org.eclipse.equinox.internal.app.EclipseAppHandle.run(EclipseAppHandle.java:203) ~[org.eclipse.equinox.app_1.6.200.v20220720-2012.jar:na]
	at org.eclipse.core.runtime.internal.adaptor.EclipseAppLauncher.runApplication(EclipseAppLauncher.java:136) ~[org.eclipse.osgi_3.18.100.v20220817-1601.jar:na]
	at org.eclipse.core.runtime.internal.adaptor.EclipseAppLauncher.start(EclipseAppLauncher.java:104) ~[org.eclipse.osgi_3.18.100.v20220817-1601.jar:na]
	at org.eclipse.core.runtime.adaptor.EclipseStarter.run(EclipseStarter.java:402) ~[org.eclipse.osgi_3.18.100.v20220817-1601.jar:na]
	at org.eclipse.core.runtime.adaptor.EclipseStarter.run(EclipseStarter.java:255) ~[org.eclipse.osgi_3.18.100.v20220817-1601.jar:na]
	at java.base/jdk.internal.reflect.NativeMethodAccessorImpl.invoke0(Native Method) ~[na:na]
	at java.base/jdk.internal.reflect.NativeMethodAccessorImpl.invoke(NativeMethodAccessorImpl.java:77) ~[na:na]
	at java.base/jdk.internal.reflect.DelegatingMethodAccessorImpl.invoke(DelegatingMethodAccessorImpl.java:43) ~[na:na]
	at java.base/java.lang.reflect.Method.invoke(Method.java:568) ~[na:na]
	at org.eclipse.equinox.launcher.Main.invokeFramework(Main.java:659) ~[org.eclipse.equinox.launcher_1.6.400.v20210924-0641.jar:na]
	at org.eclipse.equinox.launcher.Main.basicRun(Main.java:596) ~[org.eclipse.equinox.launcher_1.6.400.v20210924-0641.jar:na]
	at org.eclipse.equinox.launcher.Main.run(Main.java:1467) ~[org.eclipse.equinox.launcher_1.6.400.v20210924-0641.jar:na]
2022-11-22 15:48:33,036 [Worker-35: Launching mavenrun-25ab992f-935c-4452-8bda-e2fa67f9b6ed] INFO  o.e.m.i.launch.MavenLaunchDelegate - C:\Users\Sadhvika Konte\eclipse-workspace
2022-11-22 15:48:33,036 [Worker-35: Launching mavenrun-25ab992f-935c-4452-8bda-e2fa67f9b6ed] INFO  o.e.m.i.launch.MavenLaunchDelegate -  mvn -DarchetypeVersion=1.4 -Dpackage=com.app.maven.Second -DarchetypeGroupId=org.apache.maven.archetypes -DarchetypeArtifactId=maven-archetype-quickstart -DgroupId=com.app.maven -DartifactId=Second -DoutputDirectory="C:\Users\Sadhvika Konte\eclipse-workspace" -Dversion=0.0.1-SNAPSHOT -Dstyle.color=always -U archetype:generate
2022-11-22 15:49:08,574 [Worker-42: Creating maven-archetype-quickstart] INFO  o.e.m.c.i.p.ProjectConfigurationManager - Collecting project info '/pom.xml' C:\Users\Sadhvika Konte\eclipse-workspace\Second\pom.xml
2022-11-22 15:49:10,428 [Worker-42: Creating maven-archetype-quickstart] INFO  o.e.m.c.i.l.LifecycleMappingFactory - Using org.eclipse.m2e.jdt.JarLifecycleMapping lifecycle mapping for MavenProject: com.app.maven:Second:0.0.1-SNAPSHOT @ C:\Users\Sadhvika Konte\eclipse-workspace\Second\pom.xml.
2022-11-22 15:49:10,803 [Worker-42: Creating maven-archetype-quickstart] INFO  o.e.m.j.i.AbstractJavaProjectConfigurator - Adding source folder /Second/src/main/java
2022-11-22 15:49:10,817 [Worker-42: Creating maven-archetype-quickstart] INFO  o.e.m.j.i.AbstractJavaProjectConfigurator - Adding source folder /Second/src/test/java
2022-11-22 15:49:11,232 [Worker-42: Creating maven-archetype-quickstart] INFO  o.e.m.c.i.p.ProjectConfigurationManager - Imported and configured 1 project(s) in 2 sec
2022-11-22 15:49:11,774 [Worker-46: Building] INFO  o.e.m.c.i.embedder.EclipseLogger - Using 'UTF-8' encoding to copy filtered resources.
2022-11-22 15:49:11,774 [Worker-46: Building] INFO  o.e.m.c.i.embedder.EclipseLogger - skip non existing resourceDirectory C:\Users\Sadhvika Konte\eclipse-workspace\Second\src\main\resources
2022-11-22 15:49:11,779 [Worker-46: Building] INFO  o.e.m.c.i.embedder.EclipseLogger - Using 'UTF-8' encoding to copy filtered resources.
2022-11-22 15:49:11,779 [Worker-46: Building] INFO  o.e.m.c.i.embedder.EclipseLogger - skip non existing resourceDirectory C:\Users\Sadhvika Konte\eclipse-workspace\Second\src\test\resources
2022-11-22 15:49:33,244 [Worker-44: Download sources and javadoc] INFO  o.e.m.c.i.e.AbstractTransferListenerAdapter - Downloading https://repo.maven.apache.org/maven2/org/hamcrest/hamcrest-core/1.3/hamcrest-core-1.3-sources.jar
2022-11-22 15:49:33,797 [Worker-44: Download sources and javadoc] INFO  o.e.m.c.i.e.AbstractTransferListenerAdapter - Downloaded https://repo.maven.apache.org/maven2/org/hamcrest/hamcrest-core/1.3/hamcrest-core-1.3-sources.jar
2022-11-22 15:49:33,802 [Worker-44: Download sources and javadoc] INFO  o.e.m.j.internal.DownloadSourcesJob - Downloaded sources for org.hamcrest:hamcrest-core:1.3
2022-11-22 15:49:33,946 [Worker-48: Building] INFO  o.e.m.c.i.embedder.EclipseLogger - Using 'UTF-8' encoding to copy filtered resources.
2022-11-22 15:49:33,947 [Worker-48: Building] INFO  o.e.m.c.i.embedder.EclipseLogger - skip non existing resourceDirectory C:\Users\Sadhvika Konte\eclipse-workspace\Second\src\main\resources
2022-11-22 15:49:33,949 [Worker-48: Building] INFO  o.e.m.c.i.embedder.EclipseLogger - Using 'UTF-8' encoding to copy filtered resources.
2022-11-22 15:49:33,949 [Worker-48: Building] INFO  o.e.m.c.i.embedder.EclipseLogger - skip non existing resourceDirectory C:\Users\Sadhvika Konte\eclipse-workspace\Second\src\test\resources
2022-11-22 15:50:38,903 [Worker-44: Launching Executing clean in C__Users_Sadhvika Konte_eclipse-workspace_Second] INFO  o.e.m.i.launch.MavenLaunchDelegate - C:\Users\Sadhvika Konte\eclipse-workspace\Second
2022-11-22 15:50:38,904 [Worker-44: Launching Executing clean in C__Users_Sadhvika Konte_eclipse-workspace_Second] INFO  o.e.m.i.launch.MavenLaunchDelegate -  mvn -B -Dstyle.color=always clean
2022-11-22 15:50:40,834 [Worker-44: Building] INFO  o.e.m.c.i.embedder.EclipseLogger - Using 'UTF-8' encoding to copy filtered resources.
2022-11-22 15:50:40,834 [Worker-44: Building] INFO  o.e.m.c.i.embedder.EclipseLogger - skip non existing resourceDirectory C:\Users\Sadhvika Konte\eclipse-workspace\Second\src\main\resources
2022-11-22 15:50:40,836 [Worker-44: Building] INFO  o.e.m.c.i.embedder.EclipseLogger - Using 'UTF-8' encoding to copy filtered resources.
2022-11-22 15:50:40,836 [Worker-44: Building] INFO  o.e.m.c.i.embedder.EclipseLogger - skip non existing resourceDirectory C:\Users\Sadhvika Konte\eclipse-workspace\Second\src\test\resources
2022-11-22 15:50:53,574 [Worker-47: Launching Executing install in C__Users_Sadhvika Konte_eclipse-workspace_Second] INFO  o.e.m.i.launch.MavenLaunchDelegate - C:\Users\Sadhvika Konte\eclipse-workspace\Second
2022-11-22 15:50:53,574 [Worker-47: Launching Executing install in C__Users_Sadhvika Konte_eclipse-workspace_Second] INFO  o.e.m.i.launch.MavenLaunchDelegate -  mvn -B -Dstyle.color=always install
2022-11-22 15:51:00,407 [Worker-47: Building] INFO  o.e.m.c.i.embedder.EclipseLogger - Using 'UTF-8' encoding to copy filtered resources.
2022-11-22 15:51:00,408 [Worker-47: Building] INFO  o.e.m.c.i.embedder.EclipseLogger - skip non existing resourceDirectory C:\Users\Sadhvika Konte\eclipse-workspace\Second\src\main\resources
2022-11-22 15:51:00,411 [Worker-47: Building] INFO  o.e.m.c.i.embedder.EclipseLogger - Using 'UTF-8' encoding to copy filtered resources.
2022-11-22 15:51:00,412 [Worker-47: Building] INFO  o.e.m.c.i.embedder.EclipseLogger - skip non existing resourceDirectory C:\Users\Sadhvika Konte\eclipse-workspace\Second\src\test\resources
2022-11-22 15:51:15,191 [Worker-45: Launching Executing test in C__Users_Sadhvika Konte_eclipse-workspace_Second] INFO  o.e.m.i.launch.MavenLaunchDelegate - C:\Users\Sadhvika Konte\eclipse-workspace\Second
2022-11-22 15:51:15,192 [Worker-45: Launching Executing test in C__Users_Sadhvika Konte_eclipse-workspace_Second] INFO  o.e.m.i.launch.MavenLaunchDelegate -  mvn -B -Dstyle.color=always test
2022-11-22 15:51:19,681 [Worker-45: Building] INFO  o.e.m.c.i.embedder.EclipseLogger - Using 'UTF-8' encoding to copy filtered resources.
2022-11-22 15:51:19,681 [Worker-45: Building] INFO  o.e.m.c.i.embedder.EclipseLogger - skip non existing resourceDirectory C:\Users\Sadhvika Konte\eclipse-workspace\Second\src\main\resources
2022-11-22 15:51:19,683 [Worker-45: Building] INFO  o.e.m.c.i.embedder.EclipseLogger - Using 'UTF-8' encoding to copy filtered resources.
2022-11-22 15:51:19,684 [Worker-45: Building] INFO  o.e.m.c.i.embedder.EclipseLogger - skip non existing resourceDirectory C:\Users\Sadhvika Konte\eclipse-workspace\Second\src\test\resources
2022-11-22 15:51:34,600 [main] INFO  o.e.m2e.actions.ExecutePomAction - Creating new launch configuration
2022-11-22 15:51:53,430 [Worker-49: Launching Second] INFO  o.e.m.i.launch.MavenLaunchDelegate - C:\Users\Sadhvika Konte\eclipse-workspace\Second
2022-11-22 15:51:53,430 [Worker-49: Launching Second] INFO  o.e.m.i.launch.MavenLaunchDelegate -  mvn -B -Dstyle.color=always clean install test
2022-11-22 15:51:53,546 [Worker-46: Building] INFO  o.e.m.c.i.embedder.EclipseLogger - Using 'UTF-8' encoding to copy filtered resources.
2022-11-22 15:51:53,546 [Worker-46: Building] INFO  o.e.m.c.i.embedder.EclipseLogger - skip non existing resourceDirectory C:\Users\Sadhvika Konte\eclipse-workspace\demo\src\main\resources
2022-11-22 15:51:53,551 [Worker-46: Building] INFO  o.e.m.c.i.embedder.EclipseLogger - Using 'UTF-8' encoding to copy filtered resources.
2022-11-22 15:51:53,552 [Worker-46: Building] INFO  o.e.m.c.i.embedder.EclipseLogger - skip non existing resourceDirectory C:\Users\Sadhvika Konte\eclipse-workspace\demo\src\test\resources
